###############################################
I am running the following nnUNet: 2d
My trainer class is:  <class 'medicalseg.core.training.network_training.nnUNetTrainerV2.nnUNetTrainerV2'>
For that I will be using the following configuration:
num_classes:  1
modalities:  {0: 'CT'}
use_mask_for_norm OrderedDict([(0, False)])
keep_only_largest_region None
min_region_size_per_class None
min_size_per_class None
normalization_schemes OrderedDict([(0, 'CT')])
stages...

stage:  0
{'batch_size': 12, 'num_pool_per_axis': [7, 7], 'patch_size': array([512, 512]), 'median_patient_size_in_voxels': array([252, 512, 512]), 'current_spacing': array([1.24497998, 0.78515625, 0.78515625]), 'original_spacing': array([1.24497998, 0.78515625, 0.78515625]), 'pool_op_kernel_sizes': [[2, 2], [2, 2], [2, 2], [2, 2], [2, 2], [2, 2], [2, 2]], 'conv_kernel_sizes': [[3, 3], [3, 3], [3, 3], [3, 3], [3, 3], [3, 3], [3, 3], [3, 3]], 'do_dummy_2D_data_aug': False}

I am using stage 0 from these plans
I am using batch dice + CE loss

I am using data from this folder:  /home/aistudio/Dataset/nnUnet_preprocessed/Task006_Lung/nnUNetData_plans_v2.1_2D
###############################################
2022-05-26 11:52:55.941129: loading checkpoint /home/aistudio/Dataset/nnUnet_trained_models/nnUNet/2d/Task006_Lung/nnUNetTrainerV2__nnUNetPlansv2.1/fold_1/model_best.model train= False
loading dataset
loading all case properties
2022-05-26 11:52:56.768498: Using splits from existing split file: /home/aistudio/Dataset/nnUnet_preprocessed/Task006_Lung/splits_final.pkl
2022-05-26 11:52:56.768726: The split file contains 5 splits.
2022-05-26 11:52:56.768780: Desired fold for training: 1
2022-05-26 11:52:56.768818: This split has 50 training and 13 validation cases.
lung_004 (2, 276, 540, 540)
debug: mirroring True mirror_axes (0, 1)
lung_015 (2, 277, 535, 535)
debug: mirroring True mirror_axes (0, 1)
lung_022 (2, 483, 549, 549)
debug: mirroring True mirror_axes (0, 1)
lung_031 (2, 304, 459, 459)
debug: mirroring True mirror_axes (0, 1)
lung_036 (2, 271, 509, 509)
debug: mirroring True mirror_axes (0, 1)
lung_038 (2, 125, 509, 509)
debug: mirroring True mirror_axes (0, 1)
lung_053 (2, 252, 611, 611)
debug: mirroring True mirror_axes (0, 1)
lung_062 (2, 243, 535, 535)
debug: mirroring True mirror_axes (0, 1)
lung_064 (2, 248, 459, 459)
debug: mirroring True mirror_axes (0, 1)
lung_069 (2, 242, 513, 513)
debug: mirroring True mirror_axes (0, 1)
lung_071 (2, 289, 459, 459)
debug: mirroring True mirror_axes (0, 1)
lung_075 (2, 423, 521, 521)
debug: mirroring True mirror_axes (0, 1)
lung_081 (2, 249, 574, 574)
debug: mirroring True mirror_axes (0, 1)
2022-05-26 12:10:40.304077: finished prediction
2022-05-26 12:10:40.304508: evaluation of raw predictions
2022-05-26 12:10:55.861575: determining postprocessing
Foreground vs background
before: 0.3370408490275371
after:  0.3392274585552665
Removing all but the largest foreground region improved results!
for_which_classes [1]
min_valid_object_sizes None
Only one class present, no need to do each class separately as this is covered in fg vs bg
done
for which classes:
[[1]]
min_object_sizes
None
done
force_separate_z: None interpolation order: 1
separate z: True lowres axis [0]
separate z, order in z is 0 order inplane is 1
force_separate_z: None interpolation order: 1
separate z: False lowres axis None
no separate z, order 1
force_separate_z: None interpolation order: 1
separate z: False lowres axis None
no separate z, order 1
force_separate_z: None interpolation order: 1
separate z: False lowres axis None
no separate z, order 1
force_separate_z: None interpolation order: 1
separate z: False lowres axis None
no separate z, order 1
force_separate_z: None interpolation order: 1
separate z: False lowres axis None
no separate z, order 1
force_separate_z: None interpolation order: 1
separate z: False lowres axis None
no separate z, order 1
force_separate_z: None interpolation order: 1
separate z: False lowres axis None
no separate z, order 1
force_separate_z: None interpolation order: 1
separate z: False lowres axis None
no separate z, order 1
force_separate_z: None interpolation order: 1
separate z: False lowres axis None
no separate z, order 1
force_separate_z: None interpolation order: 1
separate z: False lowres axis None
no separate z, order 1
force_separate_z: None interpolation order: 1
separate z: False lowres axis None
no separate z, order 1
force_separate_z: None interpolation order: 1
separate z: False lowres axis None
no separate z, order 1
